<?xml version="1.0" encoding="UTF-8"?>
<!-- Generated by org.testng.reporters.JUnitReportReporter -->
<testsuite hostname="DESKTOP-JQJ5R9C" failures="0" tests="1" name="testcase.DeleteLead" time="108.779" errors="0" timestamp="2024-06-28T17:07:52 IST" skipped="0">
  <testcase classname="testcase.DeleteLead" name="runDeleteLead" time="108.779"/>
  <system-out/>
</testsuite> <!-- testcase.DeleteLead -->
