<?xml version="1.0" encoding="UTF-8"?>
<!-- Generated by org.testng.reporters.JUnitReportReporter -->
<testsuite hostname="DESKTOP-JQJ5R9C" failures="0" tests="1" name="testcase.DeleteLead" time="14.090" errors="0" timestamp="2024-07-21T23:40:58 IST" skipped="0">
  <testcase classname="testcase.DeleteLead" name="runDeleteLead" time="14.090"/>
  <system-out/>
</testsuite> <!-- testcase.DeleteLead -->
