<?xml version="1.0" encoding="UTF-8"?>
<!-- Generated by org.testng.reporters.JUnitReportReporter -->
<testsuite hostname="DESKTOP-JQJ5R9C" failures="0" tests="1" name="testcase.CreateLead" time="105.909" errors="0" timestamp="2024-06-28T17:07:52 IST" skipped="0">
  <testcase classname="testcase.CreateLead" name="runCreateLead" time="105.909"/>
  <system-out/>
</testsuite> <!-- testcase.CreateLead -->
