<?xml version="1.0" encoding="UTF-8"?>
<!-- Generated by org.testng.reporters.JUnitReportReporter -->
<testsuite hostname="DESKTOP-JQJ5R9C" failures="0" tests="1" name="week6.day1.LearnWaits" time="11.158" errors="0" timestamp="2024-07-02T21:55:55 IST" skipped="0">
  <testcase classname="week6.day1.LearnWaits" name="waits" time="11.158"/>
  <system-out/>
</testsuite> <!-- week6.day1.LearnWaits -->
