<?xml version="1.0" encoding="UTF-8"?>
<!-- Generated by org.testng.reporters.JUnitReportReporter -->
<testsuite hostname="DESKTOP-JQJ5R9C" failures="0" tests="5" name="week5.day2.RunCreateLeadMutipleTimes" time="66.206" errors="0" timestamp="2024-08-21T14:26:32 IST" skipped="1">
  <testcase classname="week5.day2.RunCreateLeadMutipleTimes" name="createLead" time="27.411"/>
  <system-out/>
  <testcase classname="week5.day2.RunCreateLeadMutipleTimes" name="createLead" time="12.243"/>
  <system-out/>
  <testcase classname="week5.day2.RunCreateLeadMutipleTimes" name="createLead" time="12.321"/>
  <system-out/>
  <testcase classname="week5.day2.RunCreateLeadMutipleTimes" name="runEditLead" time="14.231"/>
  <system-out/>
  <testcase classname="week5.day2.RunCreateLeadMutipleTimes" name="runDeleteLead">
    <skipped/>
  </testcase> <!-- runDeleteLead -->
  <system-out/>
</testsuite> <!-- week5.day2.RunCreateLeadMutipleTimes -->
