<?xml version="1.0" encoding="UTF-8"?>
<!-- Generated by org.testng.reporters.JUnitReportReporter -->
<testsuite hostname="DESKTOP-JQJ5R9C" failures="0" tests="1" name="testcase.CreateLead" time="13.690" errors="0" timestamp="2024-07-21T23:40:27 IST" skipped="0">
  <testcase classname="testcase.CreateLead" name="runCreateLead" time="13.690"/>
  <system-out/>
</testsuite> <!-- testcase.CreateLead -->
