<?xml version="1.0" encoding="UTF-8"?>
<!-- Generated by org.testng.reporters.JUnitReportReporter -->
<testsuite hostname="DESKTOP-JQJ5R9C" failures="0" tests="2" name="week5.day1.LearnTestNGAnnotation" time="0.009" errors="0" timestamp="2024-06-28T01:09:11 IST" skipped="0">
  <testcase classname="week5.day1.LearnTestNGAnnotation" name="f" time="0.006"/>
  <system-out/>
  <testcase classname="week5.day1.LearnTestNGAnnotation" name="f2" time="0.003"/>
  <system-out/>
</testsuite> <!-- week5.day1.LearnTestNGAnnotation -->
