<?xml version="1.0" encoding="UTF-8"?>
<!-- Generated by org.testng.reporters.JUnitReportReporter -->
<testsuite hostname="DESKTOP-JQJ5R9C" failures="0" tests="2" name="week5.day2.EditLeadWithDataProvider" time="35.380" errors="0" timestamp="2024-05-27T02:08:55 IST" skipped="0">
  <testcase classname="week5.day2.EditLeadWithDataProvider" name="editLead" time="17.261"/>
  <system-out/>
  <testcase classname="week5.day2.EditLeadWithDataProvider" name="editLead" time="18.119"/>
  <system-out/>
</testsuite> <!-- week5.day2.EditLeadWithDataProvider -->
