<?xml version="1.0" encoding="UTF-8"?>
<!-- Generated by org.testng.reporters.JUnitReportReporter -->
<testsuite hostname="DESKTOP-JQJ5R9C" failures="0" tests="1" name="week5.day1.TestngSample" time="18.317" errors="0" timestamp="2024-06-28T12:38:13 IST" skipped="0">
  <testcase classname="week5.day1.TestngSample" name="loginPage" time="18.317"/>
  <system-out/>
</testsuite> <!-- week5.day1.TestngSample -->
