<?xml version="1.0" encoding="UTF-8"?>
<!-- Generated by org.testng.reporters.JUnitReportReporter -->
<testsuite hostname="DESKTOP-JQJ5R9C" failures="0" tests="2" name="week5.day2.CreateLead" time="75.978" errors="0" timestamp="2024-08-18T00:37:04 IST" skipped="0">
  <testcase classname="week5.day2.CreateLead" name="createLead" time="37.571"/>
  <system-out/>
  <testcase classname="week5.day2.CreateLead" name="createLead" time="38.407"/>
  <system-out/>
</testsuite> <!-- week5.day2.CreateLead -->
