<?xml version="1.0" encoding="UTF-8"?>
<!-- Generated by org.testng.reporters.JUnitReportReporter -->
<testsuite hostname="DESKTOP-JQJ5R9C" failures="0" tests="6" name="week5.testngAttributes.LearnInvocationCount" time="-1684512640.000" errors="1" timestamp="2023-05-19T21:41:53 IST" skipped="5">
  <testcase classname="week5.testngAttributes.LearnInvocationCount" name="createLead" time="0.000">
    <skipped/>
  </testcase> <!-- createLead -->
  <system-out/>
  <testcase classname="week5.testngAttributes.LearnInvocationCount" name="createLead" time="0.000">
    <skipped/>
  </testcase> <!-- createLead -->
  <system-out/>
  <testcase classname="week5.testngAttributes.LearnInvocationCount" name="createLead" time="0.000">
    <skipped/>
  </testcase> <!-- createLead -->
  <system-out/>
  <testcase classname="week5.testngAttributes.LearnInvocationCount" name="createLead" time="0.000">
    <skipped/>
  </testcase> <!-- createLead -->
  <system-out/>
  <testcase classname="week5.testngAttributes.LearnInvocationCount" name="createLead" time="0.000">
    <skipped/>
  </testcase> <!-- createLead -->
  <system-out/>
  <testcase classname="week5.testngAttributes.LearnInvocationCount" name="preCondition" time="-1684512640.000">
    <error message="
Parameter &#039;url&#039; is required by BeforeMethod on method preCondition but has not been marked @Optional or defined
in C:\Users\Vishali\AppData\Local\Temp\testng-eclipse--270142637\testng-customsuite.xml" type="org.testng.TestNGException">
      <![CDATA[org.testng.TestNGException: 
Parameter 'url' is required by BeforeMethod on method preCondition but has not been marked @Optional or defined
in C:\Users\Vishali\AppData\Local\Temp\testng-eclipse--270142637\testng-customsuite.xml
at org.testng.internal.Parameters.createParams(Parameters.java:270)
at org.testng.internal.Parameters.createParametersForMethod(Parameters.java:358)
at org.testng.internal.Parameters.createParameters(Parameters.java:700)
at org.testng.internal.Parameters.createConfigurationParameters(Parameters.java:168)
at org.testng.internal.ConfigInvoker.invokeConfigurations(ConfigInvoker.java:302)
at org.testng.internal.TestInvoker.runConfigMethods(TestInvoker.java:700)
at org.testng.internal.TestInvoker.invokeMethod(TestInvoker.java:527)
at org.testng.internal.TestInvoker.invokeTestMethod(TestInvoker.java:173)
at org.testng.internal.MethodRunner.runInSequence(MethodRunner.java:46)
at org.testng.internal.TestInvoker$MethodInvocationAgent.invoke(TestInvoker.java:824)
at org.testng.internal.TestInvoker.invokeTestMethods(TestInvoker.java:146)
at org.testng.internal.TestMethodWorker.invokeTestMethods(TestMethodWorker.java:146)
at org.testng.internal.TestMethodWorker.run(TestMethodWorker.java:128)
at org.testng.internal.thread.ThreadUtil.lambda$execute$0(ThreadUtil.java:64)
at java.base/java.util.concurrent.FutureTask.run(FutureTask.java:264)
at java.base/java.util.concurrent.ThreadPoolExecutor.runWorker(ThreadPoolExecutor.java:1130)
at java.base/java.util.concurrent.ThreadPoolExecutor$Worker.run(ThreadPoolExecutor.java:630)
at java.base/java.lang.Thread.run(Thread.java:831)
]]>
    </error>
  </testcase> <!-- preCondition -->
  <system-out/>
</testsuite> <!-- week5.testngAttributes.LearnInvocationCount -->
