<?xml version="1.0" encoding="UTF-8"?>
<!-- Generated by org.testng.reporters.JUnitReportReporter -->
<testsuite hostname="DESKTOP-JQJ5R9C" failures="0" tests="2" name="week5.day2.CreateLead" time="34.557" errors="0" timestamp="2024-07-02T17:27:04 IST" skipped="0">
  <testcase classname="week5.day2.CreateLead" name="createLead" time="15.655"/>
  <system-out/>
  <testcase classname="week5.day2.CreateLead" name="createLead" time="18.902"/>
  <system-out/>
</testsuite> <!-- week5.day2.CreateLead -->
