<?xml version="1.0" encoding="UTF-8"?>
<!-- Generated by org.testng.reporters.JUnitReportReporter -->
<testsuite hostname="DESKTOP-JQJ5R9C" failures="0" tests="5" name="week5.day2.RunCreateLeadMutipleTimes" time="60.137" errors="0" timestamp="2024-07-02T21:48:20 IST" skipped="1">
  <testcase classname="week5.day2.RunCreateLeadMutipleTimes" name="createLead" time="13.079"/>
  <system-out/>
  <testcase classname="week5.day2.RunCreateLeadMutipleTimes" name="createLead" time="18.252"/>
  <system-out/>
  <testcase classname="week5.day2.RunCreateLeadMutipleTimes" name="createLead" time="12.044"/>
  <system-out/>
  <testcase classname="week5.day2.RunCreateLeadMutipleTimes" name="runEditLead" time="16.762"/>
  <system-out/>
  <testcase classname="week5.day2.RunCreateLeadMutipleTimes" name="runDeleteLead">
    <skipped/>
  </testcase> <!-- runDeleteLead -->
  <system-out/>
</testsuite> <!-- week5.day2.RunCreateLeadMutipleTimes -->
