<?xml version="1.0" encoding="UTF-8"?>
<!-- Generated by org.testng.reporters.JUnitReportReporter -->
<testsuite hostname="DESKTOP-JQJ5R9C" failures="0" tests="4" name="week6.day1.LearnGroups" time="0.018" errors="0" timestamp="2024-07-02T21:51:23 IST" skipped="0">
  <testcase classname="week6.day1.LearnGroups" name="test2" time="0.001"/>
  <system-out/>
  <testcase classname="week6.day1.LearnGroups" name="test4" time="0.001"/>
  <system-out/>
  <testcase classname="week6.day1.LearnGroups" name="test1" time="0.014"/>
  <system-out/>
  <testcase classname="week6.day1.LearnGroups" name="test3" time="0.002"/>
  <system-out/>
</testsuite> <!-- week6.day1.LearnGroups -->
