<?xml version="1.0" encoding="UTF-8"?>
<!-- Generated by org.testng.reporters.JUnitReportReporter -->
<testsuite hostname="DESKTOP-JQJ5R9C" failures="0" tests="2" name="week5.day2.DataProviderBasic" time="26.571" errors="0" timestamp="2024-08-19T01:23:59 IST" skipped="0">
  <testcase classname="week5.day2.DataProviderBasic" name="createLead" time="12.329"/>
  <system-out/>
  <testcase classname="week5.day2.DataProviderBasic" name="createLead" time="14.242"/>
  <system-out/>
</testsuite> <!-- week5.day2.DataProviderBasic -->
