<?xml version="1.0" encoding="UTF-8"?>
<!-- Generated by org.testng.reporters.JUnitReportReporter -->
<testsuite hostname="DESKTOP-JQJ5R9C" failures="0" tests="1" name="week5.day2.EditLead" time="15.514" errors="0" timestamp="2024-08-18T00:37:04 IST" skipped="0">
  <testcase classname="week5.day2.EditLead" name="editLead" time="15.514"/>
  <system-out/>
</testsuite> <!-- week5.day2.EditLead -->
