<?xml version="1.0" encoding="UTF-8"?>
<!-- Generated by org.testng.reporters.JUnitReportReporter -->
<testsuite hostname="DESKTOP-JQJ5R9C" failures="0" tests="2" name="week5.day2.DataProviderBasic" time="28.275" errors="0" timestamp="2024-07-02T17:11:57 IST" skipped="0">
  <testcase classname="week5.day2.DataProviderBasic" name="createLead" time="12.526"/>
  <system-out/>
  <testcase classname="week5.day2.DataProviderBasic" name="createLead" time="15.749"/>
  <system-out/>
</testsuite> <!-- week5.day2.DataProviderBasic -->
