<?xml version="1.0" encoding="UTF-8"?>
<!-- Generated by org.testng.reporters.JUnitReportReporter -->
<testsuite hostname="DESKTOP-JQJ5R9C" failures="0" tests="3" name="week5.testngAttributes.LearnDependsOnMethods" time="46.292" errors="0" timestamp="2024-07-19T12:27:10 IST" skipped="0">
  <testcase classname="week5.testngAttributes.LearnDependsOnMethods" name="createLead" time="18.913"/>
  <system-out/>
  <testcase classname="week5.testngAttributes.LearnDependsOnMethods" name="editLead" time="14.381"/>
  <system-out/>
  <testcase classname="week5.testngAttributes.LearnDependsOnMethods" name="deleteLead" time="12.998"/>
  <system-out/>
</testsuite> <!-- week5.testngAttributes.LearnDependsOnMethods -->
