<?xml version="1.0" encoding="UTF-8"?>
<!-- Generated by org.testng.reporters.JUnitReportReporter -->
<testsuite hostname="DESKTOP-JQJ5R9C" failures="0" tests="1" name="week5.day2.EditLead" time="17.462" errors="0" timestamp="2024-07-02T17:27:04 IST" skipped="0">
  <testcase classname="week5.day2.EditLead" name="editLead" time="17.462"/>
  <system-out/>
</testsuite> <!-- week5.day2.EditLead -->
