<?xml version="1.0" encoding="UTF-8"?>
<!-- Generated by org.testng.reporters.JUnitReportReporter -->
<testsuite hostname="DESKTOP-JQJ5R9C" failures="0" tests="2" name="week5.day2.CreateLeadWithDataProvider" time="133.760" errors="0" timestamp="2024-06-28T17:07:52 IST" skipped="0">
  <testcase classname="week5.day2.CreateLeadWithDataProvider" name="createLead" time="107.451"/>
  <system-out/>
  <testcase classname="week5.day2.CreateLeadWithDataProvider" name="createLead" time="26.309"/>
  <system-out/>
</testsuite> <!-- week5.day2.CreateLeadWithDataProvider -->
