<?xml version="1.0" encoding="UTF-8"?>
<!-- Generated by org.testng.reporters.JUnitReportReporter -->
<testsuite skipped="0" hostname="DESKTOP-JQJ5R9C" name="testcase.CreateLead" tests="2" failures="0" timestamp="2024-08-17T18:30:44 IST" time="153.229" errors="0">
  <testcase name="runCreateLead" time="87.550" classname="testcase.CreateLead"/>
  <system-out/>
  <testcase name="runCreateLead" time="65.679" classname="testcase.CreateLead"/>
  <system-out/>
</testsuite> <!-- testcase.CreateLead -->
