<?xml version="1.0" encoding="UTF-8"?>
<!-- Generated by org.testng.reporters.JUnitReportReporter -->
<testsuite hostname="DESKTOP-JQJ5R9C" failures="0" tests="2" name="week5.day2.CreateLead" time="156.719" errors="0" timestamp="2024-07-18T23:26:16 IST" skipped="0">
  <testcase classname="week5.day2.CreateLead" name="createLead" time="26.984"/>
  <system-out/>
  <testcase classname="week5.day2.CreateLead" name="createLead" time="129.735"/>
  <system-out/>
</testsuite> <!-- week5.day2.CreateLead -->
