<?xml version="1.0" encoding="UTF-8"?>
<!-- Generated by org.testng.reporters.JUnitReportReporter -->
<testsuite skipped="0" hostname="DESKTOP-JQJ5R9C" name="testcase.DeleteLead" tests="2" failures="0" timestamp="2024-06-06T23:57:46 IST" time="137.124" errors="0">
  <testcase name="runDeleteLead" time="85.285" classname="testcase.DeleteLead"/>
  <system-out/>
  <testcase name="runDeleteLead" time="51.839" classname="testcase.DeleteLead"/>
  <system-out/>
</testsuite> <!-- testcase.DeleteLead -->
