<?xml version="1.0" encoding="UTF-8"?>
<!-- Generated by org.testng.reporters.JUnitReportReporter -->
<testsuite skipped="0" hostname="DESKTOP-JQJ5R9C" name="testcase.CreateLead" tests="2" failures="0" timestamp="2024-06-06T23:57:46 IST" time="153.853" errors="0">
  <testcase name="runCreateLead" time="101.749" classname="testcase.CreateLead"/>
  <system-out/>
  <testcase name="runCreateLead" time="52.104" classname="testcase.CreateLead"/>
  <system-out/>
</testsuite> <!-- testcase.CreateLead -->
