<?xml version="1.0" encoding="UTF-8"?>
<!-- Generated by org.testng.reporters.JUnitReportReporter -->
<testsuite skipped="0" hostname="DESKTOP-JQJ5R9C" name="week5.day2.CreateLeadWithDataProvider" tests="4" failures="0" timestamp="2024-06-06T23:57:46 IST" time="176.794" errors="0">
  <testcase name="createLead" time="11.925" classname="week5.day2.CreateLeadWithDataProvider"/>
  <system-out/>
  <testcase name="createLead" time="17.018" classname="week5.day2.CreateLeadWithDataProvider"/>
  <system-out/>
  <testcase name="createLead" time="84.210" classname="week5.day2.CreateLeadWithDataProvider"/>
  <system-out/>
  <testcase name="createLead" time="63.641" classname="week5.day2.CreateLeadWithDataProvider"/>
  <system-out/>
</testsuite> <!-- week5.day2.CreateLeadWithDataProvider -->
