<?xml version="1.0" encoding="UTF-8"?>
<!-- Generated by org.testng.reporters.JUnitReportReporter -->
<testsuite skipped="0" hostname="DESKTOP-JQJ5R9C" name="week5.day2.EditLeadWithDataProvider" tests="2" failures="0" timestamp="2024-06-06T23:57:46 IST" time="34.433" errors="0">
  <testcase name="editLead" time="17.165" classname="week5.day2.EditLeadWithDataProvider"/>
  <system-out/>
  <testcase name="editLead" time="17.268" classname="week5.day2.EditLeadWithDataProvider"/>
  <system-out/>
</testsuite> <!-- week5.day2.EditLeadWithDataProvider -->
