<?xml version="1.0" encoding="UTF-8"?>
<!-- Generated by org.testng.reporters.JUnitReportReporter -->
<testsuite skipped="0" hostname="DESKTOP-JQJ5R9C" name="testcase.EditLead" tests="2" failures="0" timestamp="2024-08-17T18:30:44 IST" time="55.975" errors="0">
  <testcase name="runEditLead" time="22.221" classname="testcase.EditLead"/>
  <system-out/>
  <testcase name="runEditLead" time="33.754" classname="testcase.EditLead"/>
  <system-out/>
</testsuite> <!-- testcase.EditLead -->
