<?xml version="1.0" encoding="UTF-8"?>
<!-- Generated by org.testng.reporters.JUnitReportReporter -->
<testsuite skipped="0" hostname="DESKTOP-JQJ5R9C" name="week6.day1.LearnGroups" tests="2" failures="0" timestamp="2024-08-17T18:30:44 IST" time="0.000" errors="0">
  <testcase name="test1" time="0.000" classname="week6.day1.LearnGroups"/>
  <system-out/>
  <testcase name="test2" time="0.000" classname="week6.day1.LearnGroups"/>
  <system-out/>
</testsuite> <!-- week6.day1.LearnGroups -->
