<?xml version="1.0" encoding="UTF-8"?>
<!-- Generated by org.testng.reporters.JUnitReportReporter -->
<testsuite hostname="DESKTOP-JQJ5R9C" failures="0" tests="2" name="week5.day2.EditLeadWithDataProvider" time="41.808" errors="0" timestamp="2024-07-18T23:26:16 IST" skipped="0">
  <testcase classname="week5.day2.EditLeadWithDataProvider" name="editLead" time="22.792"/>
  <system-out/>
  <testcase classname="week5.day2.EditLeadWithDataProvider" name="editLead" time="19.016"/>
  <system-out/>
</testsuite> <!-- week5.day2.EditLeadWithDataProvider -->
