<?xml version="1.0" encoding="UTF-8"?>
<!-- Generated by org.testng.reporters.JUnitReportReporter -->
<testsuite skipped="0" hostname="DESKTOP-JQJ5R9C" name="week5.day2.CreateLeadWithDataProvider" tests="4" failures="0" timestamp="2024-08-17T18:30:44 IST" time="115.747" errors="0">
  <testcase name="createLead" time="22.809" classname="week5.day2.CreateLeadWithDataProvider"/>
  <system-out/>
  <testcase name="createLead" time="60.758" classname="week5.day2.CreateLeadWithDataProvider"/>
  <system-out/>
  <testcase name="createLead" time="15.496" classname="week5.day2.CreateLeadWithDataProvider"/>
  <system-out/>
  <testcase name="createLead" time="16.684" classname="week5.day2.CreateLeadWithDataProvider"/>
  <system-out/>
</testsuite> <!-- week5.day2.CreateLeadWithDataProvider -->
