<?xml version="1.0" encoding="UTF-8"?>
<!-- Generated by org.testng.reporters.JUnitReportReporter -->
<testsuite skipped="0" hostname="DESKTOP-JQJ5R9C" name="testcase.EditLead" tests="2" failures="0" timestamp="2024-06-06T23:57:46 IST" time="115.661" errors="0">
  <testcase name="runEditLead" time="45.037" classname="testcase.EditLead"/>
  <system-out/>
  <testcase name="runEditLead" time="70.624" classname="testcase.EditLead"/>
  <system-out/>
</testsuite> <!-- testcase.EditLead -->
