<?xml version="1.0" encoding="UTF-8"?>
<!-- Generated by org.testng.reporters.JUnitReportReporter -->
<testsuite hostname="DESKTOP-JQJ5R9C" failures="0" tests="2" name="testcase.EditLead" time="0.000" errors="0" timestamp="2024-07-18T23:26:16 IST" skipped="2">
  <testcase classname="testcase.EditLead" name="runEditLead" time="0.000">
    <skipped/>
  </testcase> <!-- runEditLead -->
  <system-out/>
  <testcase classname="testcase.EditLead" name="runEditLead" time="0.000">
    <skipped/>
  </testcase> <!-- runEditLead -->
  <system-out/>
</testsuite> <!-- testcase.EditLead -->
