<?xml version="1.0" encoding="UTF-8"?>
<!-- Generated by org.testng.reporters.JUnitReportReporter -->
<testsuite skipped="0" hostname="DESKTOP-JQJ5R9C" name="week5.day2.CreateLead" tests="2" failures="0" timestamp="2024-08-17T18:30:44 IST" time="49.023" errors="0">
  <testcase name="createLead" time="13.718" classname="week5.day2.CreateLead"/>
  <system-out/>
  <testcase name="createLead" time="35.305" classname="week5.day2.CreateLead"/>
  <system-out/>
</testsuite> <!-- week5.day2.CreateLead -->
