<?xml version="1.0" encoding="UTF-8"?>
<!-- Generated by org.testng.reporters.JUnitReportReporter -->
<testsuite hostname="DESKTOP-JQJ5R9C" failures="0" tests="1" name="week5.day2.EditLead" time="20.298" errors="0" timestamp="2024-07-18T23:26:16 IST" skipped="0">
  <testcase classname="week5.day2.EditLead" name="editLead" time="20.298"/>
  <system-out/>
</testsuite> <!-- week5.day2.EditLead -->
