<?xml version="1.0" encoding="UTF-8"?>
<!-- Generated by org.testng.reporters.JUnitReportReporter -->
<testsuite hostname="DESKTOP-JQJ5R9C" failures="0" tests="2" name="week6.day1.LearnGroups" time="0.000" errors="0" timestamp="2024-07-18T23:26:16 IST" skipped="0">
  <testcase classname="week6.day1.LearnGroups" name="test2" time="0.000"/>
  <system-out/>
  <testcase classname="week6.day1.LearnGroups" name="test1" time="0.000"/>
  <system-out/>
</testsuite> <!-- week6.day1.LearnGroups -->
