<?xml version="1.0" encoding="UTF-8"?>
<!-- Generated by org.testng.reporters.JUnitReportReporter -->
<testsuite skipped="0" hostname="DESKTOP-JQJ5R9C" name="testcase.DeleteLead" tests="2" failures="0" timestamp="2024-08-17T18:30:44 IST" time="173.806" errors="0">
  <testcase name="runDeleteLead" time="106.087" classname="testcase.DeleteLead"/>
  <system-out/>
  <testcase name="runDeleteLead" time="67.719" classname="testcase.DeleteLead"/>
  <system-out/>
</testsuite> <!-- testcase.DeleteLead -->
