<?xml version="1.0" encoding="UTF-8"?>
<!-- Generated by org.testng.reporters.JUnitReportReporter -->
<testsuite skipped="0" hostname="DESKTOP-JQJ5R9C" name="week5.day2.CreateLead" tests="4" failures="0" timestamp="2024-06-06T23:57:46 IST" time="242.263" errors="0">
  <testcase name="createLead" time="73.625" classname="week5.day2.CreateLead"/>
  <system-out/>
  <testcase name="createLead" time="50.585" classname="week5.day2.CreateLead"/>
  <system-out/>
  <testcase name="createLead" time="68.602" classname="week5.day2.CreateLead"/>
  <system-out/>
  <testcase name="createLead" time="49.451" classname="week5.day2.CreateLead"/>
  <system-out/>
</testsuite> <!-- week5.day2.CreateLead -->
